{"/home/geovana/Projects/pizzariaSousa/pizzaria/backend/src/main/services/user/CreateUserService.ts": {"path":"/home/geovana/Projects/pizzariaSousa/pizzaria/backend/src/main/services/user/CreateUserService.ts","statementMap":{"0":{"start":{"line":1,"column":0},"end":{"line":1,"column":40}},"1":{"start":{"line":2,"column":0},"end":{"line":2,"column":32}},"2":{"start":{"line":12,"column":4},"end":{"line":14,"column":5}},"3":{"start":{"line":13,"column":6},"end":{"line":13,"column":43}},"4":{"start":{"line":16,"column":30},"end":{"line":20,"column":6}},"5":{"start":{"line":22,"column":4},"end":{"line":24,"column":5}},"6":{"start":{"line":23,"column":6},"end":{"line":23,"column":45}},"7":{"start":{"line":26,"column":25},"end":{"line":26,"column":48}},"8":{"start":{"line":28,"column":17},"end":{"line":39,"column":6}},"9":{"start":{"line":41,"column":4},"end":{"line":41,"column":16}},"10":{"start":{"line":45,"column":9},"end":{"line":45,"column":26}}},"fnMap":{"0":{"name":"(anonymous_1)","decl":{"start":{"line":11,"column":2},"end":{"line":11,"column":7}},"loc":{"start":{"line":11,"column":54},"end":{"line":42,"column":3}}}},"branchMap":{"0":{"loc":{"start":{"line":12,"column":4},"end":{"line":14,"column":5}},"type":"if","locations":[{"start":{"line":12,"column":4},"end":{"line":14,"column":5}}]},"1":{"loc":{"start":{"line":22,"column":4},"end":{"line":24,"column":5}},"type":"if","locations":[{"start":{"line":22,"column":4},"end":{"line":24,"column":5}}]}},"s":{"0":1,"1":1,"2":3,"3":1,"4":2,"5":2,"6":1,"7":1,"8":1,"9":1,"10":1},"f":{"0":3},"b":{"0":[1],"1":[1]}}
}
