TN:
SF:src/main/middlewares/isAuthenticated.ts
FN:8,isAuthenticated
FNF:1
FNH:1
FNDA:3,isAuthenticated
DA:2,1
DA:8,1
DA:13,3
DA:15,3
DA:16,1
DA:17,1
DA:20,2
DA:22,2
DA:23,2
DA:25,1
DA:27,1
DA:29,1
DA:30,1
LF:13
LH:13
BRDA:15,0,0,1
BRF:1
BRH:1
end_of_record
TN:
SF:src/main/services/user/AuthUserService.ts
FN:11,(anonymous_1)
FNF:1
FNH:1
FNDA:3,(anonymous_1)
DA:1,1
DA:2,1
DA:3,1
DA:12,3
DA:18,3
DA:19,1
DA:22,2
DA:24,2
DA:25,1
DA:28,1
DA:40,1
DA:49,1
LF:12
LH:12
BRDA:18,0,0,1
BRDA:24,1,0,1
BRF:2
BRH:2
end_of_record
TN:
SF:src/main/services/user/CreateUserService.ts
FN:11,(anonymous_1)
FNF:1
FNH:1
FNDA:3,(anonymous_1)
DA:1,1
DA:2,1
DA:12,3
DA:13,1
DA:16,2
DA:22,2
DA:23,1
DA:26,1
DA:28,1
DA:41,1
DA:45,1
LF:11
LH:11
BRDA:12,0,0,1
BRDA:22,1,0,1
BRF:2
BRH:2
end_of_record
TN:
SF:src/main/services/user/DetailUserService.ts
FN:4,(anonymous_1)
FNF:1
FNH:1
FNDA:1,(anonymous_1)
DA:1,1
DA:5,1
DA:15,1
DA:19,1
LF:4
LH:4
BRF:0
BRH:0
end_of_record
